<?xml version="1.0" encoding="UTF-8"?>
<!-- Generated by org.testng.reporters.JUnitReportReporter -->
<testsuite skipped="0" hostname="Abduls-MacBook-Pro.local" name="TestCase.Inception" tests="3" failures="0" timestamp="2021-11-03T15:39:27 IST" time="104.672" errors="0">
  <testcase name="AutomateBS" time="38.983" classname="TestCase.Inception"/>
  <system-out/>
  <testcase name="AutomateBS" time="29.628" classname="TestCase.Inception"/>
  <system-out/>
  <testcase name="AutomateBS" time="36.061" classname="TestCase.Inception"/>
  <system-out/>
</testsuite> <!-- TestCase.Inception -->
